2021-06-05 18:27:13 [main] WARN - Specified port - 4723 is occupied by some process, process will be terminated [testing.configuration.AppiumConfigurator.isPortFree (AppiumConfigurator.java:65)]
2021-06-05 18:27:13 [main] INFO - Appium server started on port 4723                                [testing.configuration.AppiumConfigurator.startService (AppiumConfigurator.java:38)]
2021-06-05 18:27:33 [main] INFO - Driver is created                                                 [testing.driver.DriverManager.createDriver (DriverManager.java:43)]
2021-06-05 18:27:33 [main] INFO - Environment type is LOCAL                                         [testing.driver.DriverManager.createDriver (DriverManager.java:44)]
2021-06-05 18:27:33 [main] INFO - Login to Gmail stats                                              [testing.businesslayer.LoginAction.loginToGmail (LoginAction.java:9)]
2021-06-05 18:27:34 [main] INFO - Login was success                                                 [testing.businesslayer.LoginAction.loginToGmail (LoginAction.java:19)]
2021-06-05 18:27:34 [main] INFO - Composing Letter stats with creds: qariatest@gmail.com, Aaaa!111  [testing.businesslayer.ComposeAction.composeLetter (ComposeAction.java:6)]
2021-06-05 18:28:17 [main] INFO - Letter was sent successfully with subject Test subject1622906833183 and text This is emailText1622906833186 [testing.businesslayer.ComposeAction.composeLetter (ComposeAction.java:14)]
2021-06-05 18:28:17 [main] INFO - Verification is starting                                          [testing.businesslayer.VerifyAction.verifyLetterWasSent (VerifyAction.java:8)]
2021-06-05 18:28:23 [main] INFO - Verification is finished: subject is Test subject1622906833183 Inbox , emailText is This is emailText1622906833186 [testing.businesslayer.VerifyAction.verifyLetterWasSent (VerifyAction.java:13)]
2021-06-05 18:28:26 [main] INFO - Driver is closed                                                  [testing.driver.DriverManager.lambda$closeDriver$0 (DriverManager.java:51)]
2021-06-05 18:28:26 [main] INFO - Appium server is stopped                                          [testing.configuration.AppiumConfigurator.lambda$stopService$0 (AppiumConfigurator.java:44)]
2021-06-05 18:28:26 [main] INFO - AVD is closed                                                     [testing.driver.DriverManager.closeEmulator (DriverManager.java:62)]
2021-06-05 19:20:40 [main] WARN - Specified port - 4723 is occupied by some process, process will be terminated [testing.configuration.AppiumConfigurator.isPortFree (AppiumConfigurator.java:65)]
2021-06-05 19:20:41 [main] INFO - Appium server started on port 4723                                [testing.configuration.AppiumConfigurator.startService (AppiumConfigurator.java:38)]
2021-06-05 19:21:03 [main] INFO - Driver is created                                                 [testing.driver.DriverManager.createDriver (DriverManager.java:43)]
2021-06-05 19:21:03 [main] INFO - Environment type is LOCAL                                         [testing.driver.DriverManager.createDriver (DriverManager.java:44)]
2021-06-05 19:21:03 [main] INFO - Login to Gmail stats                                              [testing.businesslayer.LoginAction.loginToGmail (LoginAction.java:9)]
2021-06-05 19:21:05 [main] INFO - Login was success                                                 [testing.businesslayer.LoginAction.loginToGmail (LoginAction.java:19)]
2021-06-05 19:21:05 [main] INFO - Composing Letter stats with creds: qariatest@gmail.com, Aaaa!111  [testing.businesslayer.ComposeAction.composeLetter (ComposeAction.java:6)]
2021-06-05 19:21:38 [main] INFO - Letter was sent successfully with subject Test subject1622910040463 and text This is emailText1622910040466 [testing.businesslayer.ComposeAction.composeLetter (ComposeAction.java:14)]
2021-06-05 19:21:38 [main] INFO - Verification is starting                                          [testing.businesslayer.VerifyAction.verifyLetterWasSent (VerifyAction.java:8)]
2021-06-05 19:21:46 [main] INFO - Driver is closed                                                  [testing.driver.DriverManager.lambda$closeDriver$0 (DriverManager.java:51)]
2021-06-05 19:21:46 [main] INFO - Appium server is stopped                                          [testing.configuration.AppiumConfigurator.lambda$stopService$0 (AppiumConfigurator.java:44)]
2021-06-05 19:21:46 [main] INFO - AVD is closed                                                     [testing.driver.DriverManager.closeEmulator (DriverManager.java:62)]
2021-06-05 19:28:26 [main] WARN - Specified port - 4723 is occupied by some process, process will be terminated [testing.configuration.AppiumConfigurator.isPortFree (AppiumConfigurator.java:65)]
2021-06-05 19:28:26 [main] INFO - Appium server started on port 4723                                [testing.configuration.AppiumConfigurator.startService (AppiumConfigurator.java:38)]
2021-06-05 19:28:46 [main] INFO - Driver is created                                                 [testing.driver.DriverManager.createDriver (DriverManager.java:43)]
2021-06-05 19:28:46 [main] INFO - Environment type is LOCAL                                         [testing.driver.DriverManager.createDriver (DriverManager.java:44)]
2021-06-05 19:28:46 [main] INFO - test11 started                                                    [testing.utils.TestListener.onTestStart (TestListener.java:25)]
2021-06-05 19:28:46 [main] INFO - Login to Gmail stats                                              [testing.businesslayer.LoginAction.loginToGmail (LoginAction.java:9)]
2021-06-05 19:28:48 [main] INFO - Login was success                                                 [testing.businesslayer.LoginAction.loginToGmail (LoginAction.java:19)]
2021-06-05 19:28:48 [main] INFO - Composing Letter stats with creds: qariatest@gmail.com, Aaaa!111  [testing.businesslayer.ComposeAction.composeLetter (ComposeAction.java:6)]
2021-06-05 19:29:17 [main] INFO - Letter was sent successfully with subject Test subject1622910506395 and text This is emailText1622910506397 [testing.businesslayer.ComposeAction.composeLetter (ComposeAction.java:14)]
2021-06-05 19:29:17 [main] INFO - Verification is starting                                          [testing.businesslayer.VerifyAction.verifyLetterWasSent (VerifyAction.java:8)]
2021-06-05 19:29:23 [main] INFO - Verification is finished: subject is Test subject1622910506395 Inbox , emailText is This is emailText1622910506397 [testing.businesslayer.VerifyAction.verifyLetterWasSent (VerifyAction.java:13)]
2021-06-05 19:29:23 [main] INFO - test11 passed                                                     [testing.utils.TestListener.onTestSuccess (TestListener.java:29)]
2021-06-05 19:29:26 [main] INFO - Driver is closed                                                  [testing.driver.DriverManager.lambda$closeDriver$0 (DriverManager.java:51)]
2021-06-05 19:29:26 [main] INFO - Appium server is stopped                                          [testing.configuration.AppiumConfigurator.lambda$stopService$0 (AppiumConfigurator.java:44)]
2021-06-05 19:29:26 [main] INFO - AVD is closed                                                     [testing.driver.DriverManager.closeEmulator (DriverManager.java:62)]
2021-06-05 19:30:19 [main] WARN - Specified port - 4723 is occupied by some process, process will be terminated [testing.configuration.AppiumConfigurator.isPortFree (AppiumConfigurator.java:65)]
2021-06-05 19:30:19 [main] INFO - Appium server started on port 4723                                [testing.configuration.AppiumConfigurator.startService (AppiumConfigurator.java:38)]
2021-06-05 19:30:37 [main] INFO - Driver is created                                                 [testing.driver.DriverManager.createDriver (DriverManager.java:43)]
2021-06-05 19:30:37 [main] INFO - Environment type is LOCAL                                         [testing.driver.DriverManager.createDriver (DriverManager.java:44)]
2021-06-05 19:30:37 [main] INFO - test11 started                                                    [testing.utils.TestListener.onTestStart (TestListener.java:25)]
2021-06-05 19:30:37 [main] INFO - Login to Gmail stats                                              [testing.businesslayer.LoginAction.loginToGmail (LoginAction.java:9)]
2021-06-05 19:30:39 [main] INFO - Login was success                                                 [testing.businesslayer.LoginAction.loginToGmail (LoginAction.java:19)]
2021-06-05 19:30:39 [main] INFO - Composing Letter stats with creds: qariatest@gmail.com, Aaaa!111  [testing.businesslayer.ComposeAction.composeLetter (ComposeAction.java:6)]
2021-06-05 19:31:13 [main] INFO - Letter was sent successfully with subject Test subject1622910619172 and text This is emailText1622910619176 [testing.businesslayer.ComposeAction.composeLetter (ComposeAction.java:14)]
2021-06-05 19:31:13 [main] INFO - Verification is starting                                          [testing.businesslayer.VerifyAction.verifyLetterWasSent (VerifyAction.java:8)]
2021-06-05 19:31:20 [main] INFO - Verification is finished: subject is Test subject1622910619172 Inbox , emailText is This is emailText1622910619176 [testing.businesslayer.VerifyAction.verifyLetterWasSent (VerifyAction.java:13)]
2021-06-05 19:31:20 [main] INFO - test11 passed                                                     [testing.utils.TestListener.onTestSuccess (TestListener.java:29)]
2021-06-05 19:31:22 [main] INFO - Driver is closed                                                  [testing.driver.DriverManager.lambda$closeDriver$0 (DriverManager.java:51)]
2021-06-05 19:31:22 [main] INFO - Appium server is stopped                                          [testing.configuration.AppiumConfigurator.lambda$stopService$0 (AppiumConfigurator.java:44)]
2021-06-05 19:31:22 [main] INFO - AVD is closed                                                     [testing.driver.DriverManager.closeEmulator (DriverManager.java:62)]
2021-06-05 19:33:28 [main] WARN - Specified port - 4723 is occupied by some process, process will be terminated [testing.configuration.AppiumConfigurator.isPortFree (AppiumConfigurator.java:65)]
2021-06-05 19:33:29 [main] INFO - Appium server started on port 4723                                [testing.configuration.AppiumConfigurator.startService (AppiumConfigurator.java:38)]
2021-06-05 19:33:46 [main] INFO - Driver is created                                                 [testing.driver.DriverManager.createDriver (DriverManager.java:43)]
2021-06-05 19:33:46 [main] INFO - Environment type is LOCAL                                         [testing.driver.DriverManager.createDriver (DriverManager.java:44)]
2021-06-05 19:33:47 [main] INFO - test11 started                                                    [testing.utils.TestListener.onTestStart (TestListener.java:25)]
2021-06-05 19:33:47 [main] INFO - Login to Gmail stats                                              [testing.businesslayer.LoginAction.loginToGmail (LoginAction.java:9)]
2021-06-05 19:33:48 [main] INFO - Login was success                                                 [testing.businesslayer.LoginAction.loginToGmail (LoginAction.java:19)]
2021-06-05 19:33:48 [main] INFO - Composing Letter stats with creds: qariatest@gmail.com, Aaaa!111  [testing.businesslayer.ComposeAction.composeLetter (ComposeAction.java:6)]
2021-06-05 19:34:30 [main] INFO - Letter was sent successfully with subject Test subject1622910808654 and text This is emailText1622910808657 [testing.businesslayer.ComposeAction.composeLetter (ComposeAction.java:14)]
2021-06-05 19:34:30 [main] INFO - Verification is starting                                          [testing.businesslayer.VerifyAction.verifyLetterWasSent (VerifyAction.java:8)]
2021-06-05 19:34:36 [main] INFO - Verification is finished: subject is Test subject1622910808654 Inbox , emailText is This is emailText1622910808657 [testing.businesslayer.VerifyAction.verifyLetterWasSent (VerifyAction.java:13)]
2021-06-05 19:34:36 [main] INFO - test11 passed                                                     [testing.utils.TestListener.onTestSuccess (TestListener.java:29)]
2021-06-05 19:34:38 [main] INFO - Driver is closed                                                  [testing.driver.DriverManager.lambda$closeDriver$0 (DriverManager.java:51)]
2021-06-05 19:34:38 [main] INFO - Appium server is stopped                                          [testing.configuration.AppiumConfigurator.lambda$stopService$0 (AppiumConfigurator.java:44)]
2021-06-05 19:34:38 [main] INFO - AVD is closed                                                     [testing.driver.DriverManager.closeEmulator (DriverManager.java:62)]
2021-06-05 19:36:17 [main] WARN - Specified port - 4723 is occupied by some process, process will be terminated [testing.configuration.AppiumConfigurator.isPortFree (AppiumConfigurator.java:65)]
2021-06-05 19:36:18 [main] INFO - Appium server started on port 4723                                [testing.configuration.AppiumConfigurator.startService (AppiumConfigurator.java:38)]
2021-06-05 19:36:35 [main] INFO - Driver is created                                                 [testing.driver.DriverManager.createDriver (DriverManager.java:43)]
2021-06-05 19:36:35 [main] INFO - Environment type is LOCAL                                         [testing.driver.DriverManager.createDriver (DriverManager.java:44)]
2021-06-05 19:36:35 [main] INFO - test11 started                                                    [testing.utils.TestListener.onTestStart (TestListener.java:25)]
2021-06-05 19:36:35 [main] INFO - Login to Gmail stats                                              [testing.businesslayer.LoginAction.loginToGmail (LoginAction.java:9)]
2021-06-05 19:36:37 [main] INFO - Login was success                                                 [testing.businesslayer.LoginAction.loginToGmail (LoginAction.java:19)]
2021-06-05 19:36:37 [main] INFO - Composing Letter stats with creds: qariatest@gmail.com, Aaaa!111  [testing.businesslayer.ComposeAction.composeLetter (ComposeAction.java:6)]
2021-06-05 19:36:49 [main] INFO - Letter was sent successfully with subject Test subject1622910977652 and text This is emailText1622910977655 [testing.businesslayer.ComposeAction.composeLetter (ComposeAction.java:14)]
2021-06-05 19:36:49 [main] INFO - Verification is starting                                          [testing.businesslayer.VerifyAction.verifyLetterWasSent (VerifyAction.java:8)]
2021-06-05 19:36:54 [main] INFO - test11 failed                                                     [testing.utils.TestListener.onTestFailure (TestListener.java:33)]
2021-06-05 19:36:57 [main] INFO - Driver is closed                                                  [testing.driver.DriverManager.lambda$closeDriver$0 (DriverManager.java:51)]
2021-06-05 19:36:57 [main] INFO - Appium server is stopped                                          [testing.configuration.AppiumConfigurator.lambda$stopService$0 (AppiumConfigurator.java:44)]
2021-06-05 19:36:57 [main] INFO - AVD is closed                                                     [testing.driver.DriverManager.closeEmulator (DriverManager.java:62)]
2021-06-05 19:39:08 [main] WARN - Specified port - 4723 is occupied by some process, process will be terminated [testing.configuration.AppiumConfigurator.isPortFree (AppiumConfigurator.java:65)]
2021-06-05 19:39:08 [main] INFO - Appium server started on port 4723                                [testing.configuration.AppiumConfigurator.startService (AppiumConfigurator.java:38)]
2021-06-05 19:39:26 [main] INFO - Driver is created                                                 [testing.driver.DriverManager.createDriver (DriverManager.java:43)]
2021-06-05 19:39:26 [main] INFO - Environment type is LOCAL                                         [testing.driver.DriverManager.createDriver (DriverManager.java:44)]
2021-06-05 19:39:26 [main] INFO - test11 started                                                    [testing.utils.TestListener.onTestStart (TestListener.java:25)]
2021-06-05 19:39:26 [main] INFO - Login to Gmail stats                                              [testing.businesslayer.LoginAction.loginToGmail (LoginAction.java:9)]
2021-06-05 19:39:28 [main] INFO - Login was success                                                 [testing.businesslayer.LoginAction.loginToGmail (LoginAction.java:19)]
2021-06-05 19:39:28 [main] INFO - Composing Letter stats with creds: qariatest@gmail.com, Aaaa!111  [testing.businesslayer.ComposeAction.composeLetter (ComposeAction.java:6)]
2021-06-05 19:40:00 [main] INFO - Letter was sent successfully with subject Test subject1622911148114 and text This is emailText1622911148117 [testing.businesslayer.ComposeAction.composeLetter (ComposeAction.java:14)]
2021-06-05 19:40:00 [main] INFO - Verification is starting                                          [testing.businesslayer.VerifyAction.verifyLetterWasSent (VerifyAction.java:8)]
2021-06-05 19:40:07 [main] INFO - Verification is finished: subject is Test subject1622911148114 Inbox , emailText is This is emailText1622911148117 [testing.businesslayer.VerifyAction.verifyLetterWasSent (VerifyAction.java:13)]
2021-06-05 19:40:07 [main] INFO - test11 passed                                                     [testing.utils.TestListener.onTestSuccess (TestListener.java:29)]
2021-06-05 19:40:09 [main] INFO - Driver is closed                                                  [testing.driver.DriverManager.lambda$closeDriver$0 (DriverManager.java:51)]
2021-06-05 19:40:09 [main] INFO - Appium server is stopped                                          [testing.configuration.AppiumConfigurator.lambda$stopService$0 (AppiumConfigurator.java:44)]
2021-06-05 19:40:09 [main] INFO - AVD is closed                                                     [testing.driver.DriverManager.closeEmulator (DriverManager.java:62)]
2021-06-05 19:51:10 [main] WARN - Specified port - 4723 is occupied by some process, process will be terminated [testing.configuration.AppiumConfigurator.isPortFree (AppiumConfigurator.java:65)]
2021-06-05 19:51:10 [main] INFO - Appium server started on port 4723                                [testing.configuration.AppiumConfigurator.startService (AppiumConfigurator.java:38)]
2021-06-05 19:51:31 [main] INFO - Driver is created                                                 [testing.driver.DriverManager.createDriver (DriverManager.java:43)]
2021-06-05 19:51:31 [main] INFO - Environment type is LOCAL                                         [testing.driver.DriverManager.createDriver (DriverManager.java:44)]
2021-06-05 19:51:31 [main] INFO - test11 started                                                    [testing.utils.TestListener.onTestStart (TestListener.java:25)]
2021-06-05 19:51:31 [main] INFO - Login to Gmail stats                                              [testing.businesslayer.LoginAction.loginToGmail (LoginAction.java:9)]
2021-06-05 19:51:33 [main] INFO - Login was success                                                 [testing.businesslayer.LoginAction.loginToGmail (LoginAction.java:19)]
2021-06-05 19:51:33 [main] INFO - Composing Letter stats with creds: qariatest@gmail.com, Aaaa!111  [testing.businesslayer.ComposeAction.composeLetter (ComposeAction.java:6)]
2021-06-05 19:52:13 [main] INFO - Letter was sent successfully with subject Test subject1622911870231 and text This is emailText1622911870234 [testing.businesslayer.ComposeAction.composeLetter (ComposeAction.java:14)]
2021-06-05 19:52:13 [main] INFO - Verification is starting                                          [testing.businesslayer.VerifyAction.verifyLetterWasSent (VerifyAction.java:8)]
2021-06-05 19:52:19 [main] INFO - Verification is finished: subject is Test subject1622911870231 Inbox , emailText is This is emailText1622911870234 [testing.businesslayer.VerifyAction.verifyLetterWasSent (VerifyAction.java:13)]
2021-06-05 19:52:19 [main] INFO - test11 passed                                                     [testing.utils.TestListener.onTestSuccess (TestListener.java:29)]
2021-06-05 19:52:22 [main] INFO - Driver is closed                                                  [testing.driver.DriverManager.lambda$closeDriver$0 (DriverManager.java:51)]
2021-06-05 19:52:22 [main] INFO - Appium server is stopped                                          [testing.configuration.AppiumConfigurator.lambda$stopService$0 (AppiumConfigurator.java:44)]
2021-06-05 19:52:22 [main] INFO - AVD is closed                                                     [testing.driver.DriverManager.closeEmulator (DriverManager.java:62)]
2021-06-05 20:43:16 [main] WARN - Specified port - 4723 is occupied by some process, process will be terminated [testing.configuration.AppiumConfigurator.isPortFree (AppiumConfigurator.java:65)]
2021-06-05 20:43:16 [main] INFO - Appium server started on port 4723                                [testing.configuration.AppiumConfigurator.startService (AppiumConfigurator.java:38)]
2021-06-05 20:43:38 [main] INFO - Driver is created                                                 [testing.driver.DriverManager.createDriver (DriverManager.java:43)]
2021-06-05 20:43:38 [main] INFO - Environment type is LOCAL                                         [testing.driver.DriverManager.createDriver (DriverManager.java:44)]
2021-06-05 20:43:38 [main] INFO - test11 started                                                    [testing.utils.TestListener.onTestStart (TestListener.java:25)]
2021-06-05 20:43:38 [main] INFO - Login to Gmail stats                                              [testing.businesslayer.LoginAction.loginToGmail (LoginAction.java:5)]
2021-06-05 20:43:39 [main] INFO - Login was success                                                 [testing.businesslayer.LoginAction.loginToGmail (LoginAction.java:8)]
2021-06-05 20:43:39 [main] INFO - Composing Letter stats                                            [testing.businesslayer.ComposeAction.composeLetter (ComposeAction.java:6)]
2021-06-05 20:43:40 [main] INFO - test11 failed                                                     [testing.utils.TestListener.onTestFailure (TestListener.java:33)]
2021-06-05 20:43:44 [main] INFO - Driver is closed                                                  [testing.driver.DriverManager.lambda$closeDriver$0 (DriverManager.java:51)]
2021-06-05 20:43:44 [main] INFO - Appium server is stopped                                          [testing.configuration.AppiumConfigurator.lambda$stopService$0 (AppiumConfigurator.java:44)]
2021-06-05 20:43:44 [main] INFO - AVD is closed                                                     [testing.driver.DriverManager.closeEmulator (DriverManager.java:62)]
2021-06-05 20:44:35 [main] WARN - Specified port - 4723 is occupied by some process, process will be terminated [testing.configuration.AppiumConfigurator.isPortFree (AppiumConfigurator.java:65)]
2021-06-05 20:44:36 [main] INFO - Appium server started on port 4723                                [testing.configuration.AppiumConfigurator.startService (AppiumConfigurator.java:38)]
2021-06-05 20:44:54 [main] INFO - Driver is created                                                 [testing.driver.DriverManager.createDriver (DriverManager.java:43)]
2021-06-05 20:44:54 [main] INFO - Environment type is LOCAL                                         [testing.driver.DriverManager.createDriver (DriverManager.java:44)]
2021-06-05 20:44:55 [main] INFO - test11 started                                                    [testing.utils.TestListener.onTestStart (TestListener.java:25)]
2021-06-05 20:44:55 [main] INFO - Login to Gmail stats                                              [testing.businesslayer.LoginAction.loginToGmail (LoginAction.java:5)]
2021-06-05 20:44:56 [main] INFO - Login was success                                                 [testing.businesslayer.LoginAction.loginToGmail (LoginAction.java:8)]
2021-06-05 20:44:56 [main] INFO - Composing Letter stats                                            [testing.businesslayer.ComposeAction.composeLetter (ComposeAction.java:6)]
2021-06-05 20:45:15 [main] INFO - Letter was sent successfully with subject Test subject1622915095134 and text This is emailText" + System.currentTimeMillis() [testing.businesslayer.ComposeAction.composeLetter (ComposeAction.java:14)]
2021-06-05 20:45:15 [main] INFO - Verification is starting                                          [testing.businesslayer.VerifyAction.verifyLetterWasSent (VerifyAction.java:8)]
2021-06-05 20:45:20 [main] INFO - test11 failed                                                     [testing.utils.TestListener.onTestFailure (TestListener.java:33)]
2021-06-05 20:45:24 [main] INFO - Driver is closed                                                  [testing.driver.DriverManager.lambda$closeDriver$0 (DriverManager.java:51)]
2021-06-05 20:45:24 [main] INFO - Appium server is stopped                                          [testing.configuration.AppiumConfigurator.lambda$stopService$0 (AppiumConfigurator.java:44)]
2021-06-05 20:45:24 [main] INFO - AVD is closed                                                     [testing.driver.DriverManager.closeEmulator (DriverManager.java:62)]
2021-06-05 20:46:20 [main] WARN - Specified port - 4723 is occupied by some process, process will be terminated [testing.configuration.AppiumConfigurator.isPortFree (AppiumConfigurator.java:65)]
2021-06-05 20:46:21 [main] INFO - Appium server started on port 4723                                [testing.configuration.AppiumConfigurator.startService (AppiumConfigurator.java:38)]
2021-06-05 20:46:39 [main] INFO - Driver is created                                                 [testing.driver.DriverManager.createDriver (DriverManager.java:43)]
2021-06-05 20:46:39 [main] INFO - Environment type is LOCAL                                         [testing.driver.DriverManager.createDriver (DriverManager.java:44)]
2021-06-05 20:46:40 [main] INFO - test11 started                                                    [testing.utils.TestListener.onTestStart (TestListener.java:25)]
2021-06-05 20:46:40 [main] INFO - Login to Gmail stats                                              [testing.businesslayer.LoginAction.loginToGmail (LoginAction.java:5)]
2021-06-05 20:46:41 [main] INFO - Login was success                                                 [testing.businesslayer.LoginAction.loginToGmail (LoginAction.java:8)]
2021-06-05 20:46:41 [main] INFO - Composing Letter stats                                            [testing.businesslayer.ComposeAction.composeLetter (ComposeAction.java:6)]
2021-06-05 20:47:13 [main] INFO - Letter was sent successfully with subject Test subject1622915200182 and text This is emailText1622915200185 [testing.businesslayer.ComposeAction.composeLetter (ComposeAction.java:14)]
2021-06-05 20:47:13 [main] INFO - Verification is starting                                          [testing.businesslayer.VerifyAction.verifyLetterWasSent (VerifyAction.java:8)]
2021-06-05 20:47:19 [main] INFO - Verification is finished: subject is Test subject1622915200182 Inbox , emailText is This is emailText1622915200185 [testing.businesslayer.VerifyAction.verifyLetterWasSent (VerifyAction.java:13)]
2021-06-05 20:47:19 [main] INFO - test11 passed                                                     [testing.utils.TestListener.onTestSuccess (TestListener.java:29)]
2021-06-05 20:47:22 [main] INFO - Driver is closed                                                  [testing.driver.DriverManager.lambda$closeDriver$0 (DriverManager.java:51)]
2021-06-05 20:47:22 [main] INFO - Appium server is stopped                                          [testing.configuration.AppiumConfigurator.lambda$stopService$0 (AppiumConfigurator.java:44)]
2021-06-05 20:47:22 [main] INFO - AVD is closed                                                     [testing.driver.DriverManager.closeEmulator (DriverManager.java:62)]
2021-06-05 21:01:05 [main] WARN - Specified port - 4723 is occupied by some process, process will be terminated [testing.configuration.AppiumConfigurator.isPortFree (AppiumConfigurator.java:65)]
2021-06-05 21:01:06 [main] INFO - Appium server started on port 4723                                [testing.configuration.AppiumConfigurator.startService (AppiumConfigurator.java:38)]
2021-06-05 21:01:27 [main] INFO - Driver is created                                                 [testing.driver.DriverManager.createDriver (DriverManager.java:39)]
2021-06-05 21:01:27 [main] INFO - Environment type is LOCAL                                         [testing.driver.DriverManager.createDriver (DriverManager.java:40)]
2021-06-05 21:01:28 [main] INFO - test11 started                                                    [testing.utils.TestListener.onTestStart (TestListener.java:25)]
2021-06-05 21:01:28 [main] INFO - Login to Gmail stats                                              [testing.businesslayer.LoginAction.loginToGmail (LoginAction.java:5)]
2021-06-05 21:01:29 [main] INFO - Login was success                                                 [testing.businesslayer.LoginAction.loginToGmail (LoginAction.java:8)]
2021-06-05 21:01:29 [main] INFO - Composing Letter starts                                           [testing.businesslayer.ComposeAction.composeLetter (ComposeAction.java:6)]
2021-06-05 21:02:13 [main] INFO - Letter was sent successfully with subject Test subject1622916088141 and text This is emailText1622916088143 [testing.businesslayer.ComposeAction.composeLetter (ComposeAction.java:14)]
2021-06-05 21:02:13 [main] INFO - Verification is starting                                          [testing.businesslayer.VerifyAction.verifyLetterWasSent (VerifyAction.java:8)]
2021-06-05 21:02:19 [main] INFO - Verification is finished: subject is Test subject1622916088141 Inbox , emailText is This is emailText1622916088143 [testing.businesslayer.VerifyAction.verifyLetterWasSent (VerifyAction.java:13)]
2021-06-05 21:02:19 [main] INFO - test11 passed                                                     [testing.utils.TestListener.onTestSuccess (TestListener.java:29)]
2021-06-05 21:02:22 [main] INFO - Driver is closed                                                  [testing.driver.DriverManager.lambda$closeDriver$0 (DriverManager.java:47)]
2021-06-05 21:02:22 [main] INFO - Appium server is stopped                                          [testing.configuration.AppiumConfigurator.lambda$stopService$0 (AppiumConfigurator.java:44)]
2021-06-05 21:02:22 [main] INFO - AVD is closed                                                     [testing.driver.DriverManager.closeEmulator (DriverManager.java:58)]
2021-06-05 21:06:06 [main] WARN - Specified port - 4723 is occupied by some process, process will be terminated [testing.configuration.AppiumConfigurator.isPortFree (AppiumConfigurator.java:65)]
2021-06-05 21:06:07 [main] INFO - Appium server started on port 4723                                [testing.configuration.AppiumConfigurator.startService (AppiumConfigurator.java:38)]
2021-06-05 21:11:44 [main] WARN - Specified port - 4723 is occupied by some process, process will be terminated [testing.configuration.AppiumConfigurator.isPortFree (AppiumConfigurator.java:65)]
2021-06-05 21:11:45 [main] INFO - Appium server started on port 4723                                [testing.configuration.AppiumConfigurator.startService (AppiumConfigurator.java:38)]
2021-06-05 21:19:31 [main] WARN - Specified port - 4723 is occupied by some process, process will be terminated [testing.configuration.AppiumConfigurator.isPortFree (AppiumConfigurator.java:65)]
2021-06-05 21:19:31 [main] INFO - Appium server started on port 4723                                [testing.configuration.AppiumConfigurator.startService (AppiumConfigurator.java:38)]
2021-06-05 21:24:14 [main] WARN - Specified port - 4723 is occupied by some process, process will be terminated [testing.configuration.AppiumConfigurator.isPortFree (AppiumConfigurator.java:65)]
2021-06-05 21:24:16 [main] INFO - Appium server started on port 4723                                [testing.configuration.AppiumConfigurator.startService (AppiumConfigurator.java:38)]
2021-06-05 21:27:08 [main] WARN - Specified port - 4723 is occupied by some process, process will be terminated [testing.configuration.AppiumConfigurator.isPortFree (AppiumConfigurator.java:65)]
2021-06-05 21:27:09 [main] INFO - Appium server started on port 4723                                [testing.configuration.AppiumConfigurator.startService (AppiumConfigurator.java:38)]
2021-06-05 21:28:51 [main] WARN - Specified port - 4723 is occupied by some process, process will be terminated [testing.configuration.AppiumConfigurator.isPortFree (AppiumConfigurator.java:65)]
2021-06-05 21:28:53 [main] WARN - Specified port - 4723 is occupied by some process, process will be terminated [testing.configuration.AppiumConfigurator.isPortFree (AppiumConfigurator.java:65)]
2021-06-05 21:28:55 [main] INFO - Appium server started on port 4723                                [testing.configuration.AppiumConfigurator.startService (AppiumConfigurator.java:38)]
2021-06-05 21:32:49 [main] INFO - Specified port - 4723 is available and ready to use               [testing.configuration.AppiumConfigurator.isPortFree (AppiumConfigurator.java:61)]
2021-06-05 21:33:03 [main] INFO - Appium server started on port 4723                                [testing.configuration.AppiumConfigurator.startService (AppiumConfigurator.java:38)]
2021-06-05 21:33:41 [main] INFO - Driver is created                                                 [testing.driver.DriverManager.createDriver (DriverManager.java:43)]
2021-06-05 21:33:41 [main] INFO - Environment type is LOCAL                                         [testing.driver.DriverManager.createDriver (DriverManager.java:44)]
2021-06-05 21:33:42 [main] INFO - verifyEmailIsSent started                                         [testing.utils.TestListener.onTestStart (TestListener.java:25)]
2021-06-05 21:33:42 [main] INFO - Login to Gmail stats                                              [testing.businesslayer.LoginAction.loginToGmail (LoginAction.java:5)]
2021-06-05 21:33:43 [main] INFO - Login was success                                                 [testing.businesslayer.LoginAction.loginToGmail (LoginAction.java:8)]
2021-06-05 21:33:43 [main] INFO - Composing Letter starts                                           [testing.businesslayer.ComposeAction.composeLetter (ComposeAction.java:6)]
2021-06-05 21:34:36 [main] INFO - Letter was sent successfully with subject Test subject1622918022149 and text This is emailText1622918022153 [testing.businesslayer.ComposeAction.composeLetter (ComposeAction.java:14)]
2021-06-05 21:34:36 [main] INFO - Verification is starting                                          [testing.businesslayer.VerifyAction.verifyLetterWasSent (VerifyAction.java:8)]
2021-06-05 21:34:42 [main] INFO - Verification is finished: subject is Test subject1622918022149 Inbox , emailText is This is emailText1622918022153 [testing.businesslayer.VerifyAction.verifyLetterWasSent (VerifyAction.java:13)]
2021-06-05 21:34:42 [main] INFO - verifyEmailIsSent passed                                          [testing.utils.TestListener.onTestSuccess (TestListener.java:29)]
2021-06-05 21:34:45 [main] INFO - Driver is closed                                                  [testing.driver.DriverManager.lambda$closeDriver$0 (DriverManager.java:51)]
2021-06-05 21:34:45 [main] INFO - Appium server is stopped                                          [testing.configuration.AppiumConfigurator.lambda$stopService$0 (AppiumConfigurator.java:44)]
2021-06-05 21:34:45 [main] INFO - AVD is closed                                                     [testing.driver.DriverManager.closeEmulator (DriverManager.java:62)]
2021-06-05 21:36:17 [main] INFO - Specified port - 4723 is available and ready to use               [testing.configuration.AppiumConfigurator.isPortFree (AppiumConfigurator.java:61)]
2021-06-05 21:36:18 [main] INFO - Appium server started on port 4723                                [testing.configuration.AppiumConfigurator.startService (AppiumConfigurator.java:38)]
2021-06-05 21:36:29 [main] INFO - Driver is created                                                 [testing.driver.DriverManager.createDriver (DriverManager.java:38)]
2021-06-05 21:36:30 [main] INFO - verifyEmailIsSent started                                         [testing.utils.TestListener.onTestStart (TestListener.java:25)]
2021-06-05 21:36:30 [main] INFO - Login to Gmail stats                                              [testing.businesslayer.LoginAction.loginToGmail (LoginAction.java:5)]
2021-06-05 21:36:31 [main] INFO - Login was success                                                 [testing.businesslayer.LoginAction.loginToGmail (LoginAction.java:8)]
2021-06-05 21:36:31 [main] INFO - Composing Letter starts                                           [testing.businesslayer.ComposeAction.composeLetter (ComposeAction.java:6)]
2021-06-05 21:36:48 [main] INFO - Letter was sent successfully with subject Test subject1622918190209 and text This is emailText1622918190211 [testing.businesslayer.ComposeAction.composeLetter (ComposeAction.java:14)]
2021-06-05 21:36:48 [main] INFO - Verification is starting                                          [testing.businesslayer.VerifyAction.verifyLetterWasSent (VerifyAction.java:8)]
2021-06-05 21:36:55 [main] INFO - Verification is finished: subject is Test subject1622918190209 Inbox , emailText is This is emailText1622918190211 [testing.businesslayer.VerifyAction.verifyLetterWasSent (VerifyAction.java:13)]
2021-06-05 21:36:55 [main] INFO - verifyEmailIsSent passed                                          [testing.utils.TestListener.onTestSuccess (TestListener.java:29)]
2021-06-05 21:36:57 [main] INFO - Driver is closed                                                  [testing.driver.DriverManager.lambda$closeDriver$0 (DriverManager.java:45)]
2021-06-05 21:36:57 [main] INFO - Appium server is stopped                                          [testing.configuration.AppiumConfigurator.lambda$stopService$0 (AppiumConfigurator.java:44)]
2021-06-05 21:36:57 [main] INFO - AVD is closed                                                     [testing.driver.DriverManager.closeEmulator (DriverManager.java:56)]
2021-06-05 21:38:23 [main] INFO - Specified port - 4723 is available and ready to use               [testing.configuration.AppiumConfigurator.isPortFree (AppiumConfigurator.java:61)]
2021-06-05 21:38:25 [main] INFO - Appium server started on port 4723                                [testing.configuration.AppiumConfigurator.startService (AppiumConfigurator.java:38)]
2021-06-05 21:38:35 [main] INFO - Driver is created                                                 [testing.driver.DriverManager.createDriver (DriverManager.java:35)]
2021-06-05 21:38:35 [main] INFO - verifyEmailIsSent started                                         [testing.utils.TestListener.onTestStart (TestListener.java:25)]
2021-06-05 21:38:35 [main] INFO - Login to Gmail stats                                              [testing.businesslayer.LoginAction.loginToGmail (LoginAction.java:5)]
2021-06-05 21:38:37 [main] INFO - Login was success                                                 [testing.businesslayer.LoginAction.loginToGmail (LoginAction.java:8)]
2021-06-05 21:38:37 [main] INFO - Composing Letter starts                                           [testing.businesslayer.ComposeAction.composeLetter (ComposeAction.java:6)]
2021-06-05 21:38:53 [main] INFO - Letter was sent successfully with subject Test subject1622918315660 and text This is emailText1622918315662 [testing.businesslayer.ComposeAction.composeLetter (ComposeAction.java:14)]
2021-06-05 21:38:53 [main] INFO - Verification is starting                                          [testing.businesslayer.VerifyAction.verifyLetterWasSent (VerifyAction.java:8)]
2021-06-05 21:39:00 [main] INFO - Verification is finished: subject is Test subject1622918315660 Inbox , emailText is This is emailText1622918315662 [testing.businesslayer.VerifyAction.verifyLetterWasSent (VerifyAction.java:13)]
2021-06-05 21:39:00 [main] INFO - verifyEmailIsSent passed                                          [testing.utils.TestListener.onTestSuccess (TestListener.java:29)]
2021-06-05 21:39:01 [main] INFO - Driver is closed                                                  [testing.driver.DriverManager.lambda$closeDriver$0 (DriverManager.java:43)]
2021-06-05 21:39:01 [main] INFO - Appium server is stopped                                          [testing.configuration.AppiumConfigurator.lambda$stopService$0 (AppiumConfigurator.java:44)]
2021-06-05 21:39:01 [main] INFO - AVD is closed                                                     [testing.driver.DriverManager.closeEmulator (DriverManager.java:54)]
